🎉 Minimal API server is running!
📡 Server: http://localhost:3001
📊 Health: http://localhost:3001/health
📄 Pages: http://localhost:3001/api/pages

✅ Database backend is fully operational!
[07:17:08 UTC] [32mINFO[39m: [36mServer listening at http://0.0.0.0:3001[39m
[07:17:21 UTC] [32mINFO[39m: [36mincoming request[39m
    [35mreqId[39m: "req-1"
    [35mreq[39m: {
      "method": "GET",
      "url": "/health",
      "hostname": "localhost:3001",
      "remoteAddress": "127.0.0.1",
      "remotePort": 58758
    }
[07:17:21 UTC] [32mINFO[39m: [36mrequest completed[39m
    [35mreqId[39m: "req-1"
    [35mres[39m: {
      "statusCode": 200
    }
    [35mresponseTime[39m: 6.80333399772644
[09:54:04 UTC] [32mINFO[39m: [36mincoming request[39m
    [35mreqId[39m: "req-2"
    [35mreq[39m: {
      "method": "GET",
      "url": "/health",
      "hostname": "localhost:3001",
      "remoteAddress": "127.0.0.1",
      "remotePort": 62168
    }
[09:54:04 UTC] [32mINFO[39m: [36mrequest completed[39m
    [35mreqId[39m: "req-2"
    [35mres[39m: {
      "statusCode": 200
    }
    [35mresponseTime[39m: 36.325291991233826
[09:54:11 UTC] [32mINFO[39m: [36mincoming request[39m
    [35mreqId[39m: "req-3"
    [35mreq[39m: {
      "method": "GET",
      "url": "/api/auth/me",
      "hostname": "localhost:3001",
      "remoteAddress": "127.0.0.1",
      "remotePort": 62215
    }
[09:54:11 UTC] [32mINFO[39m: [36mRoute GET:/api/auth/me not found[39m
    [35mreqId[39m: "req-3"
[09:54:11 UTC] [32mINFO[39m: [36mrequest completed[39m
    [35mreqId[39m: "req-3"
    [35mres[39m: {
      "statusCode": 404
    }
    [35mresponseTime[39m: 0.9487080574035645
[09:54:19 UTC] [32mINFO[39m: [36mincoming request[39m
    [35mreqId[39m: "req-4"
    [35mreq[39m: {
      "method": "POST",
      "url": "/api/auth/login",
      "hostname": "localhost:3001",
      "remoteAddress": "127.0.0.1",
      "remotePort": 62262
    }
[09:54:19 UTC] [32mINFO[39m: [36mRoute POST:/api/auth/login not found[39m
    [35mreqId[39m: "req-4"
[09:54:19 UTC] [32mINFO[39m: [36mrequest completed[39m
    [35mreqId[39m: "req-4"
    [35mres[39m: {
      "statusCode": 404
    }
    [35mresponseTime[39m: 2.4947088956832886
[09:54:42 UTC] [32mINFO[39m: [36mincoming request[39m
    [35mreqId[39m: "req-5"
    [35mreq[39m: {
      "method": "GET",
      "url": "/docs",
      "hostname": "localhost:3001",
      "remoteAddress": "127.0.0.1",
      "remotePort": 62416
    }
[09:54:42 UTC] [32mINFO[39m: [36mRoute GET:/docs not found[39m
    [35mreqId[39m: "req-5"
[09:54:42 UTC] [32mINFO[39m: [36mrequest completed[39m
    [35mreqId[39m: "req-5"
    [35mres[39m: {
      "statusCode": 404
    }
    [35mresponseTime[39m: 0.9706250429153442
[10:40:48 UTC] [32mINFO[39m: [36mincoming request[39m
    [35mreqId[39m: "req-6"
    [35mreq[39m: {
      "method": "GET",
      "url": "/health",
      "hostname": "localhost:3001",
      "remoteAddress": "127.0.0.1",
      "remotePort": 58491
    }
[10:40:48 UTC] [32mINFO[39m: [36mrequest completed[39m
    [35mreqId[39m: "req-6"
    [35mres[39m: {
      "statusCode": 200
    }
    [35mresponseTime[39m: 25.037041902542114
[10:40:55 UTC] [32mINFO[39m: [36mincoming request[39m
    [35mreqId[39m: "req-7"
    [35mreq[39m: {
      "method": "POST",
      "url": "/api/auth/login",
      "hostname": "localhost:3001",
      "remoteAddress": "127.0.0.1",
      "remotePort": 58541
    }
[10:40:55 UTC] [32mINFO[39m: [36mRoute POST:/api/auth/login not found[39m
    [35mreqId[39m: "req-7"
[10:40:55 UTC] [32mINFO[39m: [36mrequest completed[39m
    [35mreqId[39m: "req-7"
    [35mres[39m: {
      "statusCode": 404
    }
    [35mresponseTime[39m: 2.555500030517578
[10:41:05 UTC] [32mINFO[39m: [36mincoming request[39m
    [35mreqId[39m: "req-8"
    [35mreq[39m: {
      "method": "GET",
      "url": "/docs",
      "hostname": "localhost:3001",
      "remoteAddress": "127.0.0.1",
      "remotePort": 58593
    }
[10:41:05 UTC] [32mINFO[39m: [36mRoute GET:/docs not found[39m
    [35mreqId[39m: "req-8"
[10:41:05 UTC] [32mINFO[39m: [36mrequest completed[39m
    [35mreqId[39m: "req-8"
    [35mres[39m: {
      "statusCode": 404
    }
    [35mresponseTime[39m: 1.730333924293518
[11:16:04 UTC] [32mINFO[39m: [36mincoming request[39m
    [35mreqId[39m: "req-9"
    [35mreq[39m: {
      "method": "GET",
      "url": "/health",
      "hostname": "localhost:3001",
      "remoteAddress": "127.0.0.1",
      "remotePort": 51629
    }
[11:16:04 UTC] [32mINFO[39m: [36mrequest completed[39m
    [35mreqId[39m: "req-9"
    [35mres[39m: {
      "statusCode": 200
    }
    [35mresponseTime[39m: 21.752874970436096
Database connection closed
